0 info it worked if it ends with ok
1 verbose cli [ '/usr/local/bin/node', '/usr/local/bin/npm', 'run', 'watch' ]
2 info using npm@3.10.10
3 info using node@v6.10.3
4 verbose run-script [ 'prewatch', 'watch', 'postwatch' ]
5 info lifecycle crypto-high-score@1.0.0~prewatch: crypto-high-score@1.0.0
6 silly lifecycle crypto-high-score@1.0.0~prewatch: no script for prewatch, continuing
7 info lifecycle crypto-high-score@1.0.0~watch: crypto-high-score@1.0.0
8 verbose lifecycle crypto-high-score@1.0.0~watch: unsafe-perm in lifecycle true
9 verbose lifecycle crypto-high-score@1.0.0~watch: PATH: /usr/local/lib/node_modules/npm/bin/node-gyp-bin:/Users/yoheioka/dely/crypto-high-score/static/node_modules/.bin:/Users/yoheioka/.rvm/gems/ruby-2.4.1/bin:/Users/yoheioka/.rvm/gems/ruby-2.4.1@global/bin:/Users/yoheioka/.rvm/rubies/ruby-2.4.1/bin:/Users/yoheioka/.pyenv/shims:/usr/local/Cellar/pyenv-virtualenv/1.0.0/shims:/usr/local/opt/pyenv/shims:/usr/local/heroku/bin:/usr/local/Cellar/pyenv-virtualenv/1.0.0/shims:/usr/local/opt/pyenv/shims:/usr/local/opt/pyenv/bin:/usr/local/bin:/usr/bin:/bin:/usr/sbin:/sbin:/opt/local/bin:/opt/local/sbin:/usr/local/bin:/usr/bin:/bin:/usr/sbin:/sbin:/Users/yoheioka/.rvm/bin
10 verbose lifecycle crypto-high-score@1.0.0~watch: CWD: /Users/yoheioka/dely/crypto-high-score/static
11 silly lifecycle crypto-high-score@1.0.0~watch: Args: [ '-c',
11 silly lifecycle   'webpack --progress -d --config webpack.config.js --watch' ]
12 silly lifecycle crypto-high-score@1.0.0~watch: Returned: code: 1  signal: null
13 info lifecycle crypto-high-score@1.0.0~watch: Failed to exec watch script
14 verbose stack Error: crypto-high-score@1.0.0 watch: `webpack --progress -d --config webpack.config.js --watch`
14 verbose stack Exit status 1
14 verbose stack     at EventEmitter.<anonymous> (/usr/local/lib/node_modules/npm/lib/utils/lifecycle.js:255:16)
14 verbose stack     at emitTwo (events.js:106:13)
14 verbose stack     at EventEmitter.emit (events.js:191:7)
14 verbose stack     at ChildProcess.<anonymous> (/usr/local/lib/node_modules/npm/lib/utils/spawn.js:40:14)
14 verbose stack     at emitTwo (events.js:106:13)
14 verbose stack     at ChildProcess.emit (events.js:191:7)
14 verbose stack     at maybeClose (internal/child_process.js:886:16)
14 verbose stack     at Process.ChildProcess._handle.onexit (internal/child_process.js:226:5)
15 verbose pkgid crypto-high-score@1.0.0
16 verbose cwd /Users/yoheioka/dely/crypto-high-score/static
17 error Darwin 16.6.0
18 error argv "/usr/local/bin/node" "/usr/local/bin/npm" "run" "watch"
19 error node v6.10.3
20 error npm  v3.10.10
21 error code ELIFECYCLE
22 error crypto-high-score@1.0.0 watch: `webpack --progress -d --config webpack.config.js --watch`
22 error Exit status 1
23 error Failed at the crypto-high-score@1.0.0 watch script 'webpack --progress -d --config webpack.config.js --watch'.
23 error Make sure you have the latest version of node.js and npm installed.
23 error If you do, this is most likely a problem with the crypto-high-score package,
23 error not with npm itself.
23 error Tell the author that this fails on your system:
23 error     webpack --progress -d --config webpack.config.js --watch
23 error You can get information on how to open an issue for this project with:
23 error     npm bugs crypto-high-score
23 error Or if that isn't available, you can get their info via:
23 error     npm owner ls crypto-high-score
23 error There is likely additional logging output above.
24 verbose exit [ 1, true ]
